<?xml version="1.0" encoding="utf-8"?><testsuites name="pytest tests"><testsuite name="pytest" errors="0" failures="0" skipped="0" tests="33" time="6.021" timestamp="2026-06-12T09:39:51.546699+00:00" hostname="agent-env-8cc46df4-8608-466c-afa9-9c3453e4cfdf"><testcase classname="backend.tests.backend_test.TestHealth" name="test_root" time="0.215" /><testcase classname="backend.tests.backend_test.TestAuth" name="test_user_login_auto_creates" time="0.043" /><testcase classname="backend.tests.backend_test.TestAuth" name="test_user_login_returns_same_user_on_relogin" time="0.162" /><testcase classname="backend.tests.backend_test.TestAuth" name="test_user_login_missing_phone" time="0.079" /><testcase classname="backend.tests.backend_test.TestAuth" name="test_admin_login_success" time="0.269" /><testcase classname="backend.tests.backend_test.TestAuth" name="test_admin_login_bad_password" time="0.272" /><testcase classname="backend.tests.backend_test.TestAuth" name="test_auth_me_user" time="0.161" /><testcase classname="backend.tests.backend_test.TestAuth" name="test_auth_me_no_token" time="0.081" /><testcase classname="backend.tests.backend_test.TestAuthGuards" name="test_admin_endpoint_without_token" time="0.044" /><testcase classname="backend.tests.backend_test.TestAuthGuards" name="test_admin_endpoint_with_user_token" time="0.080" /><testcase classname="backend.tests.backend_test.TestAuthGuards" name="test_admin_endpoint_with_admin_token" time="0.343" /><testcase classname="backend.tests.backend_test.TestPublicReads" name="test_list_matches" time="0.041" /><testcase classname="backend.tests.backend_test.TestPublicReads" name="test_points_table_structure" time="0.043" /><testcase classname="backend.tests.backend_test.TestPublicReads" name="test_groups_shape" time="0.080" /><testcase classname="backend.tests.backend_test.TestPublicReads" name="test_fixtures" time="0.043" /><testcase classname="backend.tests.backend_test.TestPublicReads" name="test_announcements" time="0.082" /><testcase classname="backend.tests.backend_test.TestPublicReads" name="test_tnc_get" time="0.041" /><testcase classname="backend.tests.backend_test.TestPS5Registration" name="test_create_get_update_delete" time="0.581" /><testcase classname="backend.tests.backend_test.TestPredictions" name="test_predictions_today_requires_auth" time="0.080" /><testcase classname="backend.tests.backend_test.TestPredictions" name="test_predictions_today_shape" time="0.042" /><testcase classname="backend.tests.backend_test.TestPredictions" name="test_submit_persists" time="0.174" /><testcase classname="backend.tests.backend_test.TestPredictions" name="test_history" time="0.041" /><testcase classname="backend.tests.backend_test.TestPredictions" name="test_leaderboard_public" time="0.084" /><testcase classname="backend.tests.backend_test.TestAdminRegistrations" name="test_payment_and_group" time="0.535" /><testcase classname="backend.tests.backend_test.TestAdminRegistrations" name="test_export_excel" time="0.278" /><testcase classname="backend.tests.backend_test.TestAdminRegistrations" name="test_dashboard_stats" time="0.086" /><testcase classname="backend.tests.backend_test.TestAdminMatchesFixturesQuestions" name="test_match_lifecycle" time="0.247" /><testcase classname="backend.tests.backend_test.TestAdminMatchesFixturesQuestions" name="test_fixture_lifecycle" time="0.164" /><testcase classname="backend.tests.backend_test.TestAdminMatchesFixturesQuestions" name="test_question_create_submit_declare_scoring" time="0.719" /><testcase classname="backend.tests.backend_test.TestAdminAnnouncementsSettings" name="test_announcement_lifecycle" time="0.203" /><testcase classname="backend.tests.backend_test.TestAdminAnnouncementsSettings" name="test_tnc_update_persists" time="0.326" /><testcase classname="backend.tests.backend_test.TestAutoAssign" name="test_auto_assign_requires_admin" time="0.080" /><testcase classname="backend.tests.backend_test.TestAutoAssign" name="test_auto_assign_runs" time="0.087" /></testsuite></testsuites>